<?xml version="1.0" encoding="UTF-8"?>
<!-- Generated by org.testng.reporters.JUnitReportReporter -->
<testsuite hostname="LAPTOP-DFDTRN2Q" failures="0" tests="4" name="CrossBrowserTest.CrossBrowserTestcases" time="18.528" errors="0" timestamp="2022-04-23T14:34:52 IST" skipped="0">
  <testcase classname="CrossBrowserTest.CrossBrowserTestcases" name="titleTest" time="7.556"/>
  <system-out/>
  <testcase classname="CrossBrowserTest.CrossBrowserTestcases" name="titleTest" time="3.475"/>
  <system-out/>
  <testcase classname="CrossBrowserTest.CrossBrowserTestcases" name="titleTest" time="3.102"/>
  <system-out/>
  <testcase classname="CrossBrowserTest.CrossBrowserTestcases" name="titleTest" time="4.395"/>
  <system-out/>
</testsuite> <!-- CrossBrowserTest.CrossBrowserTestcases -->
